<?xml version="1.0" encoding="UTF-8"?>
<testsuite name="com.bandwidth.sqs.consumer.ConsumerTest" time="0.128" tests="28" errors="0" skipped="0" failures="0">
  <properties>
[...]
</properties>
  <testcase name="testShutdownWithPendingPermits" classname="com.bandwidth.sqs.consumer.ConsumerTest" time="0.062"/>
  <testcase name="testIsNotTerminatedWhenWaitingLongPollRequest" classname="com.bandwidth.sqs.consumer.ConsumerTest" time="0.002"/>
  <testcase name="testStartFirstLoadBalancedRequest" classname="com.bandwidth.sqs.consumer.ConsumerTest" time="0.001"/>
  <testcase name="testProcessNextMessage" classname="com.bandwidth.sqs.consumer.ConsumerTest" time="0.002"/>
  <testcase name="testSetNumPermits" classname="com.bandwidth.sqs.consumer.ConsumerTest" time="0.002"/>
  <testcase name="testShutdownWithoutStarting" classname="com.bandwidth.sqs.consumer.ConsumerTest" time="0.01"/>
  <testcase name="testHandlerIgnoreAndShutdown" classname="com.bandwidth.sqs.consumer.ConsumerTest" time="0.005"/>
  <testcase name="testHandlerDeleteAndShutdown" classname="com.bandwidth.sqs.consumer.ConsumerTest" time="0.002"/>
  <testcase name="testIsNotTerminatedWhenProcessingMessage" classname="com.bandwidth.sqs.consumer.ConsumerTest" time="0.002"/>
  <testcase name="testQueueForProcessing" classname="com.bandwidth.sqs.consumer.ConsumerTest" time="0.002"/>
  <testcase name="testStartNewRequestBufferFull" classname="com.bandwidth.sqs.consumer.ConsumerTest" time="0.001"/>
  <testcase name="testBackoffDelay" classname="com.bandwidth.sqs.consumer.ConsumerTest" time="0.002"/>
  <testcase name="testUpdateWhileAllRequestsStarted" classname="com.bandwidth.sqs.consumer.ConsumerTest" time="0.001"/>
  <testcase name="testNegativeBackoffDelay" classname="com.bandwidth.sqs.consumer.ConsumerTest" time="0.002"/>
  <testcase name="testTimerTaskUpdate" classname="com.bandwidth.sqs.consumer.ConsumerTest" time="0.001"/>
  <testcase name="testIsNotTerminatedWhenWaitingLoadBalancedRequest" classname="com.bandwidth.sqs.consumer.ConsumerTest" time="0.002"/>
  <testcase name="testReceiveMessageHandlerUpdateLoadBalanceRequests" classname="com.bandwidth.sqs.consumer.ConsumerTest" time="0.001"/>
  <testcase name="testRetryAck" classname="com.bandwidth.sqs.consumer.ConsumerTest" time="0.007"/>
  <testcase name="testReceiveMessageHandlerOnError" classname="com.bandwidth.sqs.consumer.ConsumerTest" time="0.006"/>
  <testcase name="testReceiveMessageHandlerOnSuccessNoMessages" classname="com.bandwidth.sqs.consumer.ConsumerTest" time="0.001"/>
  <testcase name="testReceiveMessageHandlerOnSuccess" classname="com.bandwidth.sqs.consumer.ConsumerTest" time="0.006"/>
  <testcase name="testLoadBalanceRequestUpdaterBufferFull" classname="com.bandwidth.sqs.consumer.ConsumerTest" time="0.001"/>
  <testcase name="testIsNotTerminatedWhenBufferIsNotEmpty" classname="com.bandwidth.sqs.consumer.ConsumerTest" time="0.001"/>
  <testcase name="testStartLongPollingRequest" classname="com.bandwidth.sqs.consumer.ConsumerTest" time="0.001"/>
  <testcase name="testIsNotTerminatedWhenIsNotShutdown" classname="com.bandwidth.sqs.consumer.ConsumerTest" time="0.001"/>
  <testcase name="testProcessNextMessageExpired" classname="com.bandwidth.sqs.consumer.ConsumerTest" time="0.001"/>
  <testcase name="testLoadBalanceRequestUpdater" classname="com.bandwidth.sqs.consumer.ConsumerTest" time="0.001"/>
  <testcase name="testDoNotReceiveMessageWhenInShutdown" classname="com.bandwidth.sqs.consumer.ConsumerTest" time="0.002"/>
</testsuite>